Using pre-set license
Built from '2020.2/release' branch; Version is '2020.2.2f1 (068178b99f32) revision 426360'; Using compiler version '192528614'; Build Type 'Release'
OS: 'Windows 10 Home; OS build 19042.746; Version 2009; 64bit' Language: 'en' Physical Memory: 16318 MB
BatchMode: 1, IsHumanControllingUs: 0, StartBugReporterOnCrash: 0, Is64bit: 1, IsPro: 0

 COMMAND LINE ARGUMENTS:
E:\Unity\2020.2.2f1\Editor\Unity.exe
-adb2
-batchMode
-noUpm
-name
AssetImportWorker0
-projectPath
E:/Unity/Projects/3_Project_Boost
-logFile
Logs/AssetImportWorker0.log
-srvPort
64852
Successfully changed project path to: E:/Unity/Projects/3_Project_Boost
E:/Unity/Projects/3_Project_Boost
Using Asset Import Pipeline V2.
Refreshing native plugins compatible for Editor in 19.47 ms, found 0 plugins.
Preloading 0 native plugins for Editor in 0.00 ms.
Initialize engine version: 2020.2.2f1 (068178b99f32)
[Subsystems] Discovering subsystems at path E:/Unity/2020.2.2f1/Editor/Data/Resources/UnitySubsystems
[Subsystems] Discovering subsystems at path E:/Unity/Projects/3_Project_Boost/Assets
GfxDevice: creating device client; threaded=0
Direct3D:
    Version:  Direct3D 11.0 [level 11.1]
    Renderer: NVIDIA GeForce GTX 1080 (ID=0x1b80)
    Vendor:   
    VRAM:     8079 MB
    Driver:   27.21.14.5751
Initialize mono
Mono path[0] = 'E:/Unity/2020.2.2f1/Editor/Data/Managed'
Mono path[1] = 'E:/Unity/2020.2.2f1/Editor/Data/MonoBleedingEdge/lib/mono/unityjit'
Mono config path = 'E:/Unity/2020.2.2f1/Editor/Data/MonoBleedingEdge/etc'
Using monoOptions --debugger-agent=transport=dt_socket,embedding=1,server=y,suspend=n,address=127.0.0.1:56688
Begin MonoManager ReloadAssembly
Registering precompiled unity dll's ...
Register platform support module: E:/Unity/2020.2.2f1/Editor/Data/PlaybackEngines/WebGLSupport/UnityEditor.WebGL.Extensions.dll
Register platform support module: E:/Unity/2020.2.2f1/Editor/Data/PlaybackEngines/WindowsStandaloneSupport/UnityEditor.WindowsStandalone.Extensions.dll
Registered in 0.001524 seconds.
Native extension for WindowsStandalone target not found
Native extension for WebGL target not found
Refreshing native plugins compatible for Editor in 18.24 ms, found 0 plugins.
Preloading 0 native plugins for Editor in 0.00 ms.
Invoked RoslynAnalysisRunner static constructor.
RoslynAnalysisRunner will not be running.
RoslynAnalysisRunner has terminated.
Mono: successfully reloaded assembly
- Completed reload, in  1.346 seconds
Platform modules already initialized, skipping
Registering precompiled user dll's ...
Registered in 0.000680 seconds.
Begin MonoManager ReloadAssembly
Native extension for WindowsStandalone target not found
Native extension for WebGL target not found
Refreshing native plugins compatible for Editor in 0.19 ms, found 0 plugins.
Preloading 0 native plugins for Editor in 0.00 ms.
Invoked RoslynAnalysisRunner static constructor.
RoslynAnalysisRunner will not be running.
RoslynAnalysisRunner has terminated.
Mono: successfully reloaded assembly
- Completed reload, in  0.661 seconds
Platform modules already initialized, skipping
========================================================================
Worker process is ready to serve import requests
Launched and connected shader compiler UnityShaderCompiler.exe after 0.05 seconds
Refreshing native plugins compatible for Editor in 0.18 ms, found 0 plugins.
Preloading 0 native plugins for Editor in 0.00 ms.
Unloading 1100 Unused Serialized files (Serialized files now loaded: 0)
System memory in use before: 56.7 MB.
System memory in use after: 56.7 MB.

Unloading 10 unused Assets to reduce memory usage. Loaded Objects now: 1541.
Total: 1.484600 ms (FindLiveObjects: 0.097000 ms CreateObjectMapping: 0.027300 ms MarkObjects: 1.298300 ms  DeleteObjects: 0.061400 ms)

========================================================================
Received Import Request.
  path: Assets/Scenes/Level 2.unity
  artifactKey: Guid(276e0c8a4bdbbbb49a6556b95ea9a749) Importer(815301076,1909f56bfc062723c751e8b465ee728b)
Start importing Assets/Scenes/Level 2.unity using Guid(276e0c8a4bdbbbb49a6556b95ea9a749) Importer(815301076,1909f56bfc062723c751e8b465ee728b)  -> (artifact id: 'e325b6153f5ca4543465c884e76f62c5') in 0.010308 seconds
  Import took 0.011916 seconds .

========================================================================
Received Import Request.
  Time since last request: 10.918534 seconds.
  path: Assets/Scenes/Level 2.0.unity
  artifactKey: Guid(276e0c8a4bdbbbb49a6556b95ea9a749) Importer(815301076,1909f56bfc062723c751e8b465ee728b)
Start importing Assets/Scenes/Level 2.0.unity using Guid(276e0c8a4bdbbbb49a6556b95ea9a749) Importer(815301076,1909f56bfc062723c751e8b465ee728b)  -> (artifact id: '289b609853fa52f45cb403f821390982') in 0.004280 seconds
  Import took 0.006131 seconds .

========================================================================
Received Import Request.
  Time since last request: 747.678986 seconds.
  path: Assets/M_Background.mat
  artifactKey: Guid(f289e42df8c4b3e44ac3b662fd1f8397) Importer(815301076,1909f56bfc062723c751e8b465ee728b)
Start importing Assets/M_Background.mat using Guid(f289e42df8c4b3e44ac3b662fd1f8397) Importer(815301076,1909f56bfc062723c751e8b465ee728b)  -> (artifact id: '1a62f1a6d8280e8f9f46db552854825a') in 0.098416 seconds
  Import took 0.100781 seconds .

========================================================================
Received Import Request.
  Time since last request: 0.000256 seconds.
  path: Assets/M_Obstacle.mat
  artifactKey: Guid(0d4ef1112260e214f989180ed5e5f909) Importer(815301076,1909f56bfc062723c751e8b465ee728b)
Start importing Assets/M_Obstacle.mat using Guid(0d4ef1112260e214f989180ed5e5f909) Importer(815301076,1909f56bfc062723c751e8b465ee728b)  -> (artifact id: '33adcdc3aa9c2d41078e6b99aa983246') in 0.009168 seconds
  Import took 0.010980 seconds .

========================================================================
Received Import Request.
  Time since last request: 0.000290 seconds.
  path: Assets/M_Platform.mat
  artifactKey: Guid(b5c242afee30a5b4b921966b99e57f69) Importer(815301076,1909f56bfc062723c751e8b465ee728b)
Start importing Assets/M_Platform.mat using Guid(b5c242afee30a5b4b921966b99e57f69) Importer(815301076,1909f56bfc062723c751e8b465ee728b)  -> (artifact id: '7b02be1206b10e51c96feea5a17da796') in 0.023150 seconds
  Import took 0.024715 seconds .

========================================================================
Received Import Request.
  Time since last request: 0.000267 seconds.
  path: Assets/M_Ground.mat
  artifactKey: Guid(c0c82f3aa9d522246b3d08f4edd2dd81) Importer(815301076,1909f56bfc062723c751e8b465ee728b)
Start importing Assets/M_Ground.mat using Guid(c0c82f3aa9d522246b3d08f4edd2dd81) Importer(815301076,1909f56bfc062723c751e8b465ee728b)  -> (artifact id: '8fed16f4f6f6e4ebc7ed283df23e5062') in 0.008649 seconds
  Import took 0.010231 seconds .

========================================================================
Received Prepare
Registering precompiled user dll's ...
Registered in 0.000856 seconds.
Begin MonoManager ReloadAssembly
Native extension for WindowsStandalone target not found
Native extension for WebGL target not found
Refreshing native plugins compatible for Editor in 0.20 ms, found 0 plugins.
Preloading 0 native plugins for Editor in 0.00 ms.
Invoked RoslynAnalysisRunner static constructor.
RoslynAnalysisRunner will not be running.
RoslynAnalysisRunner has terminated.
Mono: successfully reloaded assembly
- Completed reload, in  0.704 seconds
Platform modules already initialized, skipping
Refreshing native plugins compatible for Editor in 0.20 ms, found 0 plugins.
Preloading 0 native plugins for Editor in 0.00 ms.
Unloading 1095 Unused Serialized files (Serialized files now loaded: 0)
System memory in use before: 60.1 MB.
System memory in use after: 60.2 MB.

Unloading 5 unused Assets to reduce memory usage. Loaded Objects now: 1583.
Total: 1.484200 ms (FindLiveObjects: 0.128700 ms CreateObjectMapping: 0.033200 ms MarkObjects: 1.280100 ms  DeleteObjects: 0.041400 ms)

========================================================================
Received Import Request.
  Time since last request: 26.012112 seconds.
  path: Assets/lvl 2 Materails
  artifactKey: Guid(68fae3c1b732f174784b084860759aad) Importer(815301076,1909f56bfc062723c751e8b465ee728b)
Start importing Assets/lvl 2 Materails using Guid(68fae3c1b732f174784b084860759aad) Importer(815301076,1909f56bfc062723c751e8b465ee728b)  -> (artifact id: '8a1762197196db442936cb705a681ce2') in 0.005138 seconds
  Import took 0.007024 seconds .

========================================================================
Received Import Request.
  Time since last request: 8.539521 seconds.
  path: Assets/lvl 2 Materials
  artifactKey: Guid(68fae3c1b732f174784b084860759aad) Importer(815301076,1909f56bfc062723c751e8b465ee728b)
Start importing Assets/lvl 2 Materials using Guid(68fae3c1b732f174784b084860759aad) Importer(815301076,1909f56bfc062723c751e8b465ee728b)  -> (artifact id: 'a6fa928ea71f5a290094f969b56c43a3') in 0.003186 seconds
  Import took 0.004794 seconds .

========================================================================
Received Import Request.
  Time since last request: 14.003052 seconds.
  path: Assets/lvl 2 Materials/M_Obstacle.mat
  artifactKey: Guid(4943f8f7df7c832488370c63d99fc7c7) Importer(815301076,1909f56bfc062723c751e8b465ee728b)
Start importing Assets/lvl 2 Materials/M_Obstacle.mat using Guid(4943f8f7df7c832488370c63d99fc7c7) Importer(815301076,1909f56bfc062723c751e8b465ee728b)  -> (artifact id: 'fe12947a6bd547cfc27e12d7c98d59f0') in 0.049140 seconds
  Import took 0.050958 seconds .

========================================================================
Received Import Request.
  Time since last request: 50.661308 seconds.
  path: Assets/Scenes/Level 2.unity
  artifactKey: Guid(276e0c8a4bdbbbb49a6556b95ea9a749) Importer(815301076,1909f56bfc062723c751e8b465ee728b)
Start importing Assets/Scenes/Level 2.unity using Guid(276e0c8a4bdbbbb49a6556b95ea9a749) Importer(815301076,1909f56bfc062723c751e8b465ee728b)  -> (artifact id: '477fb542bf57b02c748b52a12acac7d1') in 0.003332 seconds
  Import took 0.005369 seconds .

========================================================================
Received Import Request.
  Time since last request: 4.746927 seconds.
  path: Assets/M_Obstacle.mat
  artifactKey: Guid(0d4ef1112260e214f989180ed5e5f909) Importer(815301076,1909f56bfc062723c751e8b465ee728b)
Start importing Assets/M_Obstacle.mat using Guid(0d4ef1112260e214f989180ed5e5f909) Importer(815301076,1909f56bfc062723c751e8b465ee728b)  -> (artifact id: '9a1a279062ef00ff0586cab21830fad1') in 0.007969 seconds
  Import took 0.009688 seconds .

========================================================================
Received Prepare
Registering precompiled user dll's ...
Registered in 0.000727 seconds.
Begin MonoManager ReloadAssembly
Native extension for WindowsStandalone target not found
Native extension for WebGL target not found
Refreshing native plugins compatible for Editor in 0.19 ms, found 0 plugins.
Preloading 0 native plugins for Editor in 0.00 ms.
Invoked RoslynAnalysisRunner static constructor.
RoslynAnalysisRunner will not be running.
RoslynAnalysisRunner has terminated.
Mono: successfully reloaded assembly
- Completed reload, in  0.632 seconds
Platform modules already initialized, skipping
Refreshing native plugins compatible for Editor in 0.26 ms, found 0 plugins.
Preloading 0 native plugins for Editor in 0.00 ms.
Unloading 1095 Unused Serialized files (Serialized files now loaded: 0)
System memory in use before: 60.3 MB.
System memory in use after: 60.4 MB.

Unloading 5 unused Assets to reduce memory usage. Loaded Objects now: 1586.
Total: 1.791300 ms (FindLiveObjects: 0.280400 ms CreateObjectMapping: 0.061800 ms MarkObjects: 1.376600 ms  DeleteObjects: 0.071800 ms)

========================================================================
Received Import Request.
  Time since last request: 18421.792142 seconds.
  path: Assets/Landing Pad Variant.prefab
  artifactKey: Guid(fd5d1803aa4dff043b2f9d04a27ea8d5) Importer(815301076,1909f56bfc062723c751e8b465ee728b)
Start importing Assets/Landing Pad Variant.prefab using Guid(fd5d1803aa4dff043b2f9d04a27ea8d5) Importer(815301076,1909f56bfc062723c751e8b465ee728b)  -> (artifact id: '31c0159445d99f75dc46b192f98f79b3') in 0.151929 seconds
  Import took 0.182254 seconds .

========================================================================
Received Import Request.
  Time since last request: 22.027520 seconds.
  path: Assets/Landing Pad.prefab
  artifactKey: Guid(f4ceb6266097b2e41a45de7700f3a115) Importer(815301076,1909f56bfc062723c751e8b465ee728b)
Start importing Assets/Landing Pad.prefab using Guid(f4ceb6266097b2e41a45de7700f3a115) Importer(815301076,1909f56bfc062723c751e8b465ee728b)  -> (artifact id: 'abc17a240a0a05b96ea5a26cf3c0d98e') in 0.010026 seconds
  Import took 0.012124 seconds .

========================================================================
Received Import Request.
  Time since last request: 0.008501 seconds.
  path: Assets/Landing Pad.prefab
  artifactKey: Guid(f4ceb6266097b2e41a45de7700f3a115) Importer(815301076,1909f56bfc062723c751e8b465ee728b)
Start importing Assets/Landing Pad.prefab using Guid(f4ceb6266097b2e41a45de7700f3a115) Importer(815301076,1909f56bfc062723c751e8b465ee728b)  -> (artifact id: 'abc17a240a0a05b96ea5a26cf3c0d98e') in 0.011756 seconds
  Import took 0.013952 seconds .

========================================================================
Received Import Request.
  Time since last request: 22.377900 seconds.
  path: Assets/Landing Pad.prefab
  artifactKey: Guid(f4ceb6266097b2e41a45de7700f3a115) Importer(815301076,1909f56bfc062723c751e8b465ee728b)
Start importing Assets/Landing Pad.prefab using Guid(f4ceb6266097b2e41a45de7700f3a115) Importer(815301076,1909f56bfc062723c751e8b465ee728b)  -> (artifact id: 'b2c547269afd93df1b4c5d67b816f803') in 0.008825 seconds
  Import took 0.010654 seconds .

========================================================================
Received Import Request.
  Time since last request: 0.001954 seconds.
  path: Assets/Landing Pad.prefab
  artifactKey: Guid(f4ceb6266097b2e41a45de7700f3a115) Importer(815301076,1909f56bfc062723c751e8b465ee728b)
Start importing Assets/Landing Pad.prefab using Guid(f4ceb6266097b2e41a45de7700f3a115) Importer(815301076,1909f56bfc062723c751e8b465ee728b)  -> (artifact id: 'b2c547269afd93df1b4c5d67b816f803') in 0.009254 seconds
  Import took 0.011309 seconds .

========================================================================
Received Import Request.
  Time since last request: 67.247528 seconds.
  path: Assets/M_Obstacle.mat
  artifactKey: Guid(0d4ef1112260e214f989180ed5e5f909) Importer(815301076,1909f56bfc062723c751e8b465ee728b)
Start importing Assets/M_Obstacle.mat using Guid(0d4ef1112260e214f989180ed5e5f909) Importer(815301076,1909f56bfc062723c751e8b465ee728b)  -> (artifact id: '31c6354cd27755108a9728969075e97e') in 0.022122 seconds
  Import took 0.024272 seconds .

========================================================================
Received Import Request.
  Time since last request: 77.352226 seconds.
  path: Assets/Scenes/Level 1.unity
  artifactKey: Guid(9fc0d4010bbf28b4594072e72b8655ab) Importer(815301076,1909f56bfc062723c751e8b465ee728b)
Start importing Assets/Scenes/Level 1.unity using Guid(9fc0d4010bbf28b4594072e72b8655ab) Importer(815301076,1909f56bfc062723c751e8b465ee728b)  -> (artifact id: '369e559dd76ba6bd6b31079342cfef5b') in 0.003175 seconds
  Import took 0.005306 seconds .

========================================================================
Received Import Request.
  Time since last request: 18.965021 seconds.
  path: Assets/M_FinishPlat.mat
  artifactKey: Guid(5a9a0882b3385d249ac536d981f20071) Importer(815301076,1909f56bfc062723c751e8b465ee728b)
Start importing Assets/M_FinishPlat.mat using Guid(5a9a0882b3385d249ac536d981f20071) Importer(815301076,1909f56bfc062723c751e8b465ee728b)  -> (artifact id: '907adf1a89bb86a848c58fa4be9c172c') in 0.009016 seconds
  Import took 0.010850 seconds .

========================================================================
Received Import Request.
  Time since last request: 40.315054 seconds.
  path: Assets/Landing Pad.prefab
  artifactKey: Guid(f4ceb6266097b2e41a45de7700f3a115) Importer(815301076,1909f56bfc062723c751e8b465ee728b)
Start importing Assets/Landing Pad.prefab using Guid(f4ceb6266097b2e41a45de7700f3a115) Importer(815301076,1909f56bfc062723c751e8b465ee728b)  -> (artifact id: '02998a71a65ec5697bb5ac7d89c8ad1d') in 0.009477 seconds
  Import took 0.011246 seconds .

========================================================================
Received Import Request.
  Time since last request: 0.000647 seconds.
  path: Assets/Landing Pad.prefab
  artifactKey: Guid(f4ceb6266097b2e41a45de7700f3a115) Importer(815301076,1909f56bfc062723c751e8b465ee728b)
Start importing Assets/Landing Pad.prefab using Guid(f4ceb6266097b2e41a45de7700f3a115) Importer(815301076,1909f56bfc062723c751e8b465ee728b)  -> (artifact id: '02998a71a65ec5697bb5ac7d89c8ad1d') in 0.007462 seconds
  Import took 0.009133 seconds .

========================================================================
Received Prepare
Registering precompiled user dll's ...
Registered in 0.000989 seconds.
Begin MonoManager ReloadAssembly
Native extension for WindowsStandalone target not found
Native extension for WebGL target not found
Refreshing native plugins compatible for Editor in 0.25 ms, found 0 plugins.
Preloading 0 native plugins for Editor in 0.00 ms.
Invoked RoslynAnalysisRunner static constructor.
RoslynAnalysisRunner will not be running.
RoslynAnalysisRunner has terminated.
Mono: successfully reloaded assembly
- Completed reload, in  0.715 seconds
Platform modules already initialized, skipping
Refreshing native plugins compatible for Editor in 0.31 ms, found 0 plugins.
Preloading 0 native plugins for Editor in 0.00 ms.
Unloading 1095 Unused Serialized files (Serialized files now loaded: 0)
System memory in use before: 60.5 MB.
System memory in use after: 60.6 MB.

Unloading 5 unused Assets to reduce memory usage. Loaded Objects now: 1590.
Total: 1.988300 ms (FindLiveObjects: 0.256300 ms CreateObjectMapping: 0.047400 ms MarkObjects: 1.598600 ms  DeleteObjects: 0.084300 ms)

========================================================================
Received Prepare
Refreshing native plugins compatible for Editor in 0.69 ms, found 0 plugins.
Preloading 0 native plugins for Editor in 0.00 ms.
Unloading 3 Unused Serialized files (Serialized files now loaded: 0)
System memory in use before: 39.0 MB.
System memory in use after: 39.1 MB.

Unloading 3 unused Assets to reduce memory usage. Loaded Objects now: 1590.
Total: 1.606000 ms (FindLiveObjects: 0.180500 ms CreateObjectMapping: 0.039500 ms MarkObjects: 1.343700 ms  DeleteObjects: 0.041400 ms)

========================================================================
Received Prepare
Registering precompiled user dll's ...
Registered in 0.000782 seconds.
Begin MonoManager ReloadAssembly
Native extension for WindowsStandalone target not found
Native extension for WebGL target not found
Refreshing native plugins compatible for Editor in 0.22 ms, found 0 plugins.
Preloading 0 native plugins for Editor in 0.00 ms.
Invoked RoslynAnalysisRunner static constructor.
RoslynAnalysisRunner will not be running.
RoslynAnalysisRunner has terminated.
Mono: successfully reloaded assembly
- Completed reload, in  0.644 seconds
Platform modules already initialized, skipping
Refreshing native plugins compatible for Editor in 0.20 ms, found 0 plugins.
Preloading 0 native plugins for Editor in 0.00 ms.
Unloading 1095 Unused Serialized files (Serialized files now loaded: 0)
System memory in use before: 60.8 MB.
System memory in use after: 60.9 MB.

Unloading 5 unused Assets to reduce memory usage. Loaded Objects now: 1592.
Total: 1.456100 ms (FindLiveObjects: 0.232200 ms CreateObjectMapping: 0.057700 ms MarkObjects: 1.119800 ms  DeleteObjects: 0.045600 ms)

========================================================================
Received Prepare
Registering precompiled user dll's ...
Registered in 0.000776 seconds.
Begin MonoManager ReloadAssembly
Native extension for WindowsStandalone target not found
Native extension for WebGL target not found
Refreshing native plugins compatible for Editor in 0.20 ms, found 0 plugins.
Preloading 0 native plugins for Editor in 0.00 ms.
Invoked RoslynAnalysisRunner static constructor.
RoslynAnalysisRunner will not be running.
RoslynAnalysisRunner has terminated.
Mono: successfully reloaded assembly
- Completed reload, in  0.629 seconds
Platform modules already initialized, skipping
Refreshing native plugins compatible for Editor in 0.18 ms, found 0 plugins.
Preloading 0 native plugins for Editor in 0.00 ms.
Unloading 1095 Unused Serialized files (Serialized files now loaded: 0)
System memory in use before: 61.0 MB.
System memory in use after: 61.0 MB.

Unloading 5 unused Assets to reduce memory usage. Loaded Objects now: 1594.
Total: 1.676000 ms (FindLiveObjects: 0.156700 ms CreateObjectMapping: 0.038900 ms MarkObjects: 1.434000 ms  DeleteObjects: 0.045300 ms)

========================================================================
Received Prepare
Registering precompiled user dll's ...
Registered in 0.000678 seconds.
Begin MonoManager ReloadAssembly
Native extension for WindowsStandalone target not found
Native extension for WebGL target not found
Refreshing native plugins compatible for Editor in 0.19 ms, found 0 plugins.
Preloading 0 native plugins for Editor in 0.00 ms.
Invoked RoslynAnalysisRunner static constructor.
RoslynAnalysisRunner will not be running.
RoslynAnalysisRunner has terminated.
Mono: successfully reloaded assembly
- Completed reload, in  0.635 seconds
Platform modules already initialized, skipping
Refreshing native plugins compatible for Editor in 0.20 ms, found 0 plugins.
Preloading 0 native plugins for Editor in 0.00 ms.
Unloading 1095 Unused Serialized files (Serialized files now loaded: 0)
System memory in use before: 61.0 MB.
System memory in use after: 61.1 MB.

Unloading 5 unused Assets to reduce memory usage. Loaded Objects now: 1596.
Total: 1.432300 ms (FindLiveObjects: 0.128000 ms CreateObjectMapping: 0.029300 ms MarkObjects: 1.231000 ms  DeleteObjects: 0.043200 ms)

========================================================================
Received Prepare
Registering precompiled user dll's ...
Registered in 0.000999 seconds.
Begin MonoManager ReloadAssembly
Native extension for WindowsStandalone target not found
Native extension for WebGL target not found
Refreshing native plugins compatible for Editor in 0.19 ms, found 0 plugins.
Preloading 0 native plugins for Editor in 0.00 ms.
Invoked RoslynAnalysisRunner static constructor.
RoslynAnalysisRunner will not be running.
RoslynAnalysisRunner has terminated.
Mono: successfully reloaded assembly
- Completed reload, in  0.633 seconds
Platform modules already initialized, skipping
Refreshing native plugins compatible for Editor in 0.19 ms, found 0 plugins.
Preloading 0 native plugins for Editor in 0.00 ms.
Unloading 1095 Unused Serialized files (Serialized files now loaded: 0)
System memory in use before: 61.2 MB.
System memory in use after: 61.3 MB.

Unloading 5 unused Assets to reduce memory usage. Loaded Objects now: 1598.
Total: 1.569800 ms (FindLiveObjects: 0.187500 ms CreateObjectMapping: 0.048100 ms MarkObjects: 1.283000 ms  DeleteObjects: 0.049700 ms)

========================================================================
Received Prepare
Registering precompiled user dll's ...
Registered in 0.000708 seconds.
Begin MonoManager ReloadAssembly
Native extension for WindowsStandalone target not found
Native extension for WebGL target not found
Refreshing native plugins compatible for Editor in 0.18 ms, found 0 plugins.
Preloading 0 native plugins for Editor in 0.00 ms.
Invoked RoslynAnalysisRunner static constructor.
RoslynAnalysisRunner will not be running.
RoslynAnalysisRunner has terminated.
Mono: successfully reloaded assembly
- Completed reload, in  0.633 seconds
Platform modules already initialized, skipping
Refreshing native plugins compatible for Editor in 0.18 ms, found 0 plugins.
Preloading 0 native plugins for Editor in 0.00 ms.
Unloading 1095 Unused Serialized files (Serialized files now loaded: 0)
System memory in use before: 61.4 MB.
System memory in use after: 61.5 MB.

Unloading 5 unused Assets to reduce memory usage. Loaded Objects now: 1600.
Total: 1.546800 ms (FindLiveObjects: 0.140800 ms CreateObjectMapping: 0.062200 ms MarkObjects: 1.299300 ms  DeleteObjects: 0.043500 ms)

